<!DOCTYPE html PUBLIC "-//W3C//DTD XHTML 1.1//EN" "http://www.w3.org/TR/xhtml11/DTD/xhtml11.dtd">
<html xmlns="http://www.w3.org/1999/xhtml">
<head>
<meta http-equiv="content-type" content="text/html; charset=UTF-8"/>
<title>TestNG Report</title>
<style type="text/css">table {margin-bottom:10px;border-collapse:collapse;empty-cells:show}th,td {border:1px solid #009;padding:.25em .5em}th {vertical-align:bottom}td {vertical-align:top}table a {font-weight:bold}.stripe td {background-color: #E6EBF9}.num {text-align:right}.passedodd td {background-color: #3F3}.passedeven td {background-color: #0A0}.skippedodd td {background-color: #DDD}.skippedeven td {background-color: #CCC}.failedodd td,.attn {background-color: #F33}.failedeven td,.stripe .attn {background-color: #D00}.stacktrace {white-space:pre;font-family:monospace}.totop {font-size:85%;text-align:center;border-bottom:2px solid #000}.invisible {display:none}</style>
</head>
<body>
<table>
<tr><th>Test</th><th># Passed</th><th># Skipped</th><th># Failed</th><th>Time (ms)</th><th>Included Groups</th><th>Excluded Groups</th></tr>
<tr><th colspan="7">Functional Suite</th></tr>
<tr><td><a href="#t0">Login Test</a></td><td class="num">2</td><td class="num">0</td><td class="num">0</td><td class="num">41</td><td></td><td></td></tr>
<tr class="stripe"><td><a href="#t1">Validate Title Test</a></td><td class="num">0</td><td class="num">0</td><td class="num attn">1</td><td class="num">9</td><td></td><td></td></tr>
<tr><td><a href="#t2">Dependency Test</a></td><td class="num">2</td><td class="num attn">1</td><td class="num attn">1</td><td class="num">18</td><td></td><td></td></tr>
<tr class="stripe"><td><a href="#t3">Failure Test</a></td><td class="num">0</td><td class="num">0</td><td class="num attn">1</td><td class="num">5</td><td></td><td></td></tr>
<tr><th>Total</th><th class="num">4</th><th class="num attn">1</th><th class="num attn">3</th><th class="num">73</th><th colspan="2"></th></tr>
</table>
<table id='summary'><thead><tr><th>Class</th><th>Method</th><th>Start</th><th>Time (ms)</th></tr></thead><tbody><tr><th colspan="4">Functional Suite</th></tr></tbody><tbody id="t0"><tr><th colspan="4">Login Test &#8212; passed</th></tr><tr class="passedeven"><td rowspan="2">testcases.TestCase1</td><td><a href="#m0">doLogin</a></td><td rowspan="1">1550832108158</td><td rowspan="1">2</td></tr><tr class="passedeven"><td><a href="#m1">doUserReg</a></td><td rowspan="1">1550832108144</td><td rowspan="1">7</td></tr></tbody>
<tbody id="t1"><tr><th colspan="4">Validate Title Test &#8212; failed</th></tr><tr class="failedeven"><td rowspan="1">testcases.TestCase2</td><td><a href="#m2">validateTitles</a></td><td rowspan="1">1550832108183</td><td rowspan="1">5</td></tr></tbody>
<tbody id="t2"><tr><th colspan="4">Dependency Test &#8212; failed</th></tr><tr class="failedeven"><td rowspan="1">testcases.TestCase3</td><td><a href="#m3">doUserReg</a></td><td rowspan="1">1550832108206</td><td rowspan="1">2</td></tr><tr><th colspan="4">Dependency Test &#8212; skipped</th></tr><tr class="skippedeven"><td rowspan="1">testcases.TestCase3</td><td><a href="#m4">doLogin</a></td><td rowspan="1">1550832108212</td><td rowspan="1">0</td></tr><tr><th colspan="4">Dependency Test &#8212; passed</th></tr><tr class="passedeven"><td rowspan="2">testcases.TestCase3</td><td><a href="#m5">fourthTest</a></td><td rowspan="1">1550832108217</td><td rowspan="1">1</td></tr><tr class="passedeven"><td><a href="#m6">thirdTest</a></td><td rowspan="1">1550832108214</td><td rowspan="1">1</td></tr></tbody>
<tbody id="t3"><tr><th colspan="4">Failure Test &#8212; failed</th></tr><tr class="failedeven"><td rowspan="1">testcases.TestFailure</td><td><a href="#m7">doLogin</a></td><td rowspan="1">1550832108238</td><td rowspan="1">1</td></tr></tbody>
</table>
<h2>Login Test</h2><h3 id="m0">testcases.TestCase1#doLogin</h3><table class="result"><tr><th class="invisible"/></tr></table><p class="totop"><a href="#summary">back to summary</a></p>
<h3 id="m1">testcases.TestCase1#doUserReg</h3><table class="result"><tr><th class="invisible"/></tr></table><p class="totop"><a href="#summary">back to summary</a></p>
<h2>Validate Title Test</h2><h3 id="m2">testcases.TestCase2#validateTitles</h3><table class="result"><tr><th>Messages</th></tr><tr><td><div class="messages"><a href="F:\screenshot\error.jpg" target="_blank">Screenshot link</a><br/><br><br/><a href="F:\screenshot\error.jpg" target="_blank"><img height=200 width=200 src="F:\screenshot\error.jpg"></a></div></td></tr><tr><th>Exception</th></tr><tr><td><div class="stacktrace">java.lang.AssertionError: The following asserts failed:
	expected [Yahoo.com] but found [Gmail.com],
	image not present expected [false] but found [true],
	text box not present expected [false] but found [true]
	at testcases.TestCase2.validateTitles(TestCase2.java:43)
... Removed 26 stack frames</div></td></tr></table><p class="totop"><a href="#summary">back to summary</a></p>
<h2>Dependency Test</h2><h3 id="m3">testcases.TestCase3#doUserReg</h3><table class="result"><tr><th>Messages</th></tr><tr><td><div class="messages"><a href="F:\screenshot\error.jpg" target="_blank">Screenshot link</a><br/><br><br/><a href="F:\screenshot\error.jpg" target="_blank"><img height=200 width=200 src="F:\screenshot\error.jpg"></a></div></td></tr><tr><th>Exception</th></tr><tr><td><div class="stacktrace">java.lang.AssertionError: User not registered successfully
	at testcases.TestCase3.doUserReg(TestCase3.java:13)
... Removed 26 stack frames</div></td></tr></table><p class="totop"><a href="#summary">back to summary</a></p>
<h3 id="m4">testcases.TestCase3#doLogin</h3><table class="result"><tr><th>Exception</th></tr><tr><td><div class="stacktrace">java.lang.Throwable: Method TestCase3.doLogin()[pri:2, instance:testcases.TestCase3@30b8a058] depends on not successfully finished methods
... Removed 18 stack frames</div></td></tr></table><p class="totop"><a href="#summary">back to summary</a></p>
<h3 id="m5">testcases.TestCase3#fourthTest</h3><table class="result"><tr><th class="invisible"/></tr></table><p class="totop"><a href="#summary">back to summary</a></p>
<h3 id="m6">testcases.TestCase3#thirdTest</h3><table class="result"><tr><th class="invisible"/></tr></table><p class="totop"><a href="#summary">back to summary</a></p>
<h2>Failure Test</h2><h3 id="m7">testcases.TestFailure#doLogin</h3><table class="result"><tr><th>Messages</th></tr><tr><td><div class="messages"><a href="F:\screenshot\error.jpg" target="_blank">Screenshot link</a><br/><br><br/><a href="F:\screenshot\error.jpg" target="_blank"><img height=200 width=200 src="F:\screenshot\error.jpg"></a></div></td></tr><tr><th>Exception</th></tr><tr><td><div class="stacktrace">java.lang.AssertionError: Failing the login test
	at testcases.TestFailure.doLogin(TestFailure.java:11)
... Removed 26 stack frames</div></td></tr></table><p class="totop"><a href="#summary">back to summary</a></p>
</body>
</html>
