<?xml version="1.0" encoding="UTF-8"?>
<!-- Generated by org.testng.reporters.JUnitXMLReporter -->
<testsuite hostname="Harrisons-iMac.local" ignored="0" name="Dependency Test" tests="4" failures="1" timestamp="2020-07-01T20:32:23 PDT" time="0.047" errors="0">
  <testcase name="doUserReg" time="0.002" classname="testcases.TestCase3">
    <failure type="java.lang.AssertionError" message="null">
      <![CDATA[java.lang.AssertionError: null
at testcases.TestCase3.doUserReg(TestCase3.java:16)
at java.util.ArrayList.forEach(ArrayList.java:1257)
... Removed 29 stack frames]]>
    </failure>
  </testcase> <!-- doUserReg -->
  <testcase name="doLogin" time="0.0" classname="testcases.TestCase3">
    <skipped/>
  </testcase> <!-- doLogin -->
  <testcase name="thirdTest" time="0.003" classname="testcases.TestCase3"/>
  <testcase name="fourthTest" time="0.003" classname="testcases.TestCase3"/>
</testsuite> <!-- Dependency Test -->
