<?xml version="1.0" encoding="UTF-8"?>
<!-- Generated by org.testng.reporters.JUnitXMLReporter -->
<testsuite hostname="Harrisons-iMac.local" ignored="0" name="Test" tests="7" failures="2" timestamp="2020-06-30T19:09:40 PDT" time="0.175" errors="0">
  <testcase name="doUserReg" time="0.007" classname="testcases.TestCase1"/>
  <testcase name="doLogin" time="0.003" classname="testcases.TestCase1"/>
  <testcase name="doUserReg" time="0.005" classname="testcases.TestCase3">
    <failure type="java.lang.AssertionError" message="null">
      <![CDATA[java.lang.AssertionError: null
at testcases.TestCase3.doUserReg(TestCase3.java:12)
at java.util.ArrayList.forEach(ArrayList.java:1257)
... Removed 29 stack frames]]>
    </failure>
  </testcase> <!-- doUserReg -->
  <testcase name="doLogin" time="0.0" classname="testcases.TestCase3">
    <skipped/>
  </testcase> <!-- doLogin -->
  <testcase name="thirdTest" time="0.01" classname="testcases.TestCase3"/>
  <testcase name="fourthTest" time="0.0" classname="testcases.TestCase3">
    <skipped/>
  </testcase> <!-- fourthTest -->
  <testcase name="validateTitles" time="0.006" classname="testcases.Testcase2">
    <failure type="java.lang.AssertionError" message="The following asserts failed:
	expected [Yahoo.com] but found [Gmail.com],
	expected [false] but found [true],
	textbox not presenting expected [false] but found [true]">
      <![CDATA[java.lang.AssertionError: The following asserts failed:
expected [Yahoo.com] but found [Gmail.com],
expected [false] but found [true],
textbox not presenting expected [false] but found [true]
at testcases.Testcase2.validateTitles(Testcase2.java:41)
at java.util.ArrayList.forEach(ArrayList.java:1257)
... Removed 29 stack frames]]>
    </failure>
  </testcase> <!-- validateTitles -->
</testsuite> <!-- Test -->
