<?xml version="1.0" encoding="UTF-8"?>
<!-- Generated by org.testng.reporters.JUnitXMLReporter -->
<testsuite hostname="Harrisons-iMac.local" ignored="0" name="Validate Title Test" tests="1" failures="1" timestamp="2020-07-01T20:32:23 PDT" time="0.03" errors="0">
  <testcase name="validateTitles" time="0.013" classname="testcases.Testcase2">
    <failure type="java.lang.AssertionError" message="The following asserts failed:
	expected [Yahoo.com] but found [Gmail.com],
	expected [false] but found [true],
	textbox not presenting expected [false] but found [true]">
      <![CDATA[java.lang.AssertionError: The following asserts failed:
expected [Yahoo.com] but found [Gmail.com],
expected [false] but found [true],
textbox not presenting expected [false] but found [true]
at testcases.Testcase2.validateTitles(Testcase2.java:43)
at java.util.ArrayList.forEach(ArrayList.java:1257)
... Removed 29 stack frames]]>
    </failure>
  </testcase> <!-- validateTitles -->
</testsuite> <!-- Validate Title Test -->
