<?xml version="1.0" encoding="UTF-8"?>
<!-- Generated by org.testng.reporters.JUnitXMLReporter -->
<testsuite hostname="Harrisons-iMac.local" ignored="0" name="Add Customer Test" tests="1" failures="1" timestamp="28 Aug 2020 01:25:24 GMT" time="11.146" errors="0">
  <testcase name="addCustomer" time="6.239" classname="com.w2a.testcases.AddCustomerTest">
    <failure type="java.lang.AssertionError" message="add customer not succeful">
      <![CDATA[java.lang.AssertionError: add customer not succeful
	at com.w2a.testcases.AddCustomerTest.addCustomer(AddCustomerTest.java:36)
... Removed 26 stack frames]]>
    </failure>
  </testcase> <!-- addCustomer -->
</testsuite> <!-- Add Customer Test -->
