<?xml version="1.0" encoding="UTF-8"?>
<!-- Generated by org.testng.reporters.JUnitXMLReporter -->
<testsuite hostname="Harrisons-iMac.local" ignored="0" name="Regression Validate Title Test" tests="1" failures="1" timestamp="2020-06-30T19:27:18 PDT" time="0.005" errors="0">
  <testcase name="validateTitles" time="0.002" classname="regression.Testcase2">
    <failure type="java.lang.AssertionError" message="The following asserts failed:
	expected [Yahoo.com] but found [Gmail.com],
	expected [false] but found [true],
	textbox not presenting expected [false] but found [true]">
      <![CDATA[java.lang.AssertionError: The following asserts failed:
expected [Yahoo.com] but found [Gmail.com],
expected [false] but found [true],
textbox not presenting expected [false] but found [true]
at regression.Testcase2.validateTitles(Testcase2.java:43)
at java.util.ArrayList.forEach(ArrayList.java:1257)
... Removed 30 stack frames]]>
    </failure>
  </testcase> <!-- validateTitles -->
</testsuite> <!-- Regression Validate Title Test -->
