<?xml version="1.0" encoding="UTF-8"?>
<!-- Generated by org.testng.reporters.JUnitXMLReporter -->
<testsuite hostname="DESKTOP-FNF69NB" ignored="0" name="Create Account Test" tests="1" failures="1" timestamp="09 Nov 2017 19:59:14 GMT" time="39.394" errors="0">
  <testcase name="createAccountTest" time="38.87" classname="com.w2a.testcases.CreateAccountTest">
    <failure type="java.lang.AssertionError" message="Create account test failed">
      <![CDATA[java.lang.AssertionError: Create account test failed
	at com.w2a.testcases.CreateAccountTest.createAccountTest(CreateAccountTest.java:25)
... Removed 29 stack frames]]>
    </failure>
  </testcase> <!-- createAccountTest -->
</testsuite> <!-- Create Account Test -->
